Arguments: 
  /usr/local/bin/node /usr/local/Cellar/yarn/1.22.4/libexec/bin/yarn.js publish

PATH: 
  /usr/local/bin:/usr/bin:/bin:/usr/sbin:/sbin:/usr/local/go/bin:/opt/X11/bin:/Applications/Wireshark.app/Contents/MacOS:/Users/gregkavanagh/Library/Android/tools:/Users/gregkavanagh/Library/Android/platforms/android-23:/Users/gregkavanagh/Library/Android/sdk/platform-tools:/Volumes/POD/go/bin

Yarn version: 
  1.22.4

Node version: 
  14.3.0

Platform: 
  darwin x64

Trace: 
  Error: https://npm.pkg.github.com/-/user/org.couchdb.user:sirganya: Error authenticating user: Bad credentials. The API can't be accessed using username/password authentication. Please create a personal access token to access this endpoint: http://github.com/settings/tokens
      at Request.params.callback [as _callback] (/usr/local/Cellar/yarn/1.22.4/libexec/lib/cli.js:66987:18)
      at Request.self.callback (/usr/local/Cellar/yarn/1.22.4/libexec/lib/cli.js:140748:22)
      at Request.emit (events.js:315:20)
      at Request.<anonymous> (/usr/local/Cellar/yarn/1.22.4/libexec/lib/cli.js:141720:10)
      at Request.emit (events.js:315:20)
      at IncomingMessage.<anonymous> (/usr/local/Cellar/yarn/1.22.4/libexec/lib/cli.js:141642:12)
      at Object.onceWrapper (events.js:421:28)
      at IncomingMessage.emit (events.js:327:22)
      at endReadableNT (_stream_readable.js:1224:12)
      at processTicksAndRejections (internal/process/task_queues.js:84:21)

npm manifest: 
  {
    "name": "local-design-tokens",
    "version": "1.0.1",
    "description": "Design Tokens For Local* UI",
    "main": "index.js",
    "repository": "https://github.com/sirganya/local-design-tokens.git",
    "author": "Greg Kavanagh <greg@concretenoise.com>",
    "license": "MIT",
    "publishConfig": {
      "registry": "https://npm.pkg.github.com/"
    },
    "repository": "git://github.com/sirganya/local-design-tokens.git"
  }

yarn manifest: 
  No manifest

Lockfile: 
  No lockfile
